** Daemonized, any open files are closed.  Look at log/mongrel.pid and log/mongrel.log for info.
** Starting Mongrel listening at 0.0.0.0:3003
** Starting Rails with development environment...
** Rails loaded.
** Loading any Rails specific GemPlugins
** Signals ready.  TERM => stop.  USR2 => restart.  INT => stop (no restart).
** Rails signals registered.  HUP => reload (without restart).  It might not work well.
** Mongrel 1.1.5 available at 0.0.0.0:3003
** Writing PID file to log/mongrel.pid
** TERM signal received.
** Daemonized, any open files are closed.  Look at log/mongrel.pid and log/mongrel.log for info.
** Starting Mongrel listening at 0.0.0.0:3003
** Starting Rails with development environment...
** Rails loaded.
** Loading any Rails specific GemPlugins
** Signals ready.  TERM => stop.  USR2 => restart.  INT => stop (no restart).
** Rails signals registered.  HUP => reload (without restart).  It might not work well.
** Mongrel 1.1.5 available at 0.0.0.0:3003
** Writing PID file to log/mongrel.pid
** TERM signal received.
** Daemonized, any open files are closed.  Look at log/mongrel.pid and log/mongrel.log for info.
** Starting Mongrel listening at 0.0.0.0:3003
** Starting Rails with development environment...
** Rails loaded.
** Loading any Rails specific GemPlugins
** Signals ready.  TERM => stop.  USR2 => restart.  INT => stop (no restart).
** Rails signals registered.  HUP => reload (without restart).  It might not work well.
** Mongrel 1.1.5 available at 0.0.0.0:3003
** Writing PID file to log/mongrel.pid
** TERM signal received.
** Daemonized, any open files are closed.  Look at log/mongrel.pid and log/mongrel.log for info.
** Starting Mongrel listening at 0.0.0.0:3003
** Starting Rails with development environment...
** Rails loaded.
** Loading any Rails specific GemPlugins
** Signals ready.  TERM => stop.  USR2 => restart.  INT => stop (no restart).
** Rails signals registered.  HUP => reload (without restart).  It might not work well.
** Mongrel 1.1.5 available at 0.0.0.0:3003
** Writing PID file to log/mongrel.pid
** TERM signal received.
** Daemonized, any open files are closed.  Look at log/mongrel.pid and log/mongrel.log for info.
** Starting Mongrel listening at 0.0.0.0:3003
** Starting Rails with development environment...
** Rails loaded.
** Loading any Rails specific GemPlugins
** Signals ready.  TERM => stop.  USR2 => restart.  INT => stop (no restart).
** Rails signals registered.  HUP => reload (without restart).  It might not work well.
** Mongrel 1.1.5 available at 0.0.0.0:3003
** Writing PID file to log/mongrel.pid
** TERM signal received.
** Daemonized, any open files are closed.  Look at log/mongrel.pid and log/mongrel.log for info.
** Starting Mongrel listening at 0.0.0.0:3003
** Starting Rails with development environment...
** Rails loaded.
** Loading any Rails specific GemPlugins
** Signals ready.  TERM => stop.  USR2 => restart.  INT => stop (no restart).
** Rails signals registered.  HUP => reload (without restart).  It might not work well.
** Mongrel 1.1.5 available at 0.0.0.0:3003
** Writing PID file to log/mongrel.pid
** TERM signal received.
** Daemonized, any open files are closed.  Look at log/mongrel.pid and log/mongrel.log for info.
** Starting Mongrel listening at 0.0.0.0:3003
** Starting Rails with development environment...
** Rails loaded.
** Loading any Rails specific GemPlugins
** Signals ready.  TERM => stop.  USR2 => restart.  INT => stop (no restart).
** Rails signals registered.  HUP => reload (without restart).  It might not work well.
** Mongrel 1.1.5 available at 0.0.0.0:3003
** Writing PID file to log/mongrel.pid
** TERM signal received.
** Daemonized, any open files are closed.  Look at log/mongrel.pid and log/mongrel.log for info.
** Starting Mongrel listening at 0.0.0.0:3003
** Starting Rails with development environment...
** Rails loaded.
** Loading any Rails specific GemPlugins
** Signals ready.  TERM => stop.  USR2 => restart.  INT => stop (no restart).
** Rails signals registered.  HUP => reload (without restart).  It might not work well.
** Mongrel 1.1.5 available at 0.0.0.0:3003
** Writing PID file to log/mongrel.pid
/Users/omar/Proyectos/calpe/app/views/admin/pages/_page.html.erb:17: warning: don't put space before argument parentheses
/Users/omar/Proyectos/calpe/app/views/admin/pages/_page.html.erb:18: warning: don't put space before argument parentheses
/Users/omar/Proyectos/calpe/app/views/admin/pages/_page.html.erb:19: warning: don't put space before argument parentheses
/Users/omar/Proyectos/calpe/app/views/admin/pages/edit.html.erb:13: warning: don't put space before argument parentheses
** TERM signal received.
** Daemonized, any open files are closed.  Look at log/mongrel.pid and log/mongrel.log for info.
** Starting Mongrel listening at 0.0.0.0:3003
** Starting Rails with development environment...
** Rails loaded.
** Loading any Rails specific GemPlugins
** Signals ready.  TERM => stop.  USR2 => restart.  INT => stop (no restart).
** Rails signals registered.  HUP => reload (without restart).  It might not work well.
** Mongrel 1.1.5 available at 0.0.0.0:3003
** Writing PID file to log/mongrel.pid
/Users/omar/Proyectos/calpe/app/views/admin/pages/_page.html.erb:17: warning: don't put space before argument parentheses
/Users/omar/Proyectos/calpe/app/views/admin/pages/_page.html.erb:18: warning: don't put space before argument parentheses
/Users/omar/Proyectos/calpe/app/views/admin/pages/_page.html.erb:19: warning: don't put space before argument parentheses
** TERM signal received.
** Daemonized, any open files are closed.  Look at log/mongrel.pid and log/mongrel.log for info.
** Starting Mongrel listening at 0.0.0.0:3003
** Starting Rails with development environment...
** Rails loaded.
** Loading any Rails specific GemPlugins
** Signals ready.  TERM => stop.  USR2 => restart.  INT => stop (no restart).
** Rails signals registered.  HUP => reload (without restart).  It might not work well.
** Mongrel 1.1.5 available at 0.0.0.0:3003
** Writing PID file to log/mongrel.pid
/Users/omar/Proyectos/calpe/app/views/admin/pages/_page.html.erb:17: warning: don't put space before argument parentheses
/Users/omar/Proyectos/calpe/app/views/admin/pages/_page.html.erb:18: warning: don't put space before argument parentheses
/Users/omar/Proyectos/calpe/app/views/admin/pages/_page.html.erb:19: warning: don't put space before argument parentheses
** TERM signal received.
** Daemonized, any open files are closed.  Look at log/mongrel.pid and log/mongrel.log for info.
** Starting Mongrel listening at 0.0.0.0:3003
** Starting Rails with development environment...
** Rails loaded.
** Loading any Rails specific GemPlugins
** Signals ready.  TERM => stop.  USR2 => restart.  INT => stop (no restart).
** Rails signals registered.  HUP => reload (without restart).  It might not work well.
** Mongrel 1.1.5 available at 0.0.0.0:3003
** Writing PID file to log/mongrel.pid
/Users/omar/Proyectos/calpe/app/views/admin/galleries/_gallery.html.erb:13: warning: don't put space before argument parentheses
/Users/omar/Proyectos/calpe/app/views/admin/galleries/_gallery.html.erb:14: warning: don't put space before argument parentheses
/Users/omar/Proyectos/calpe/app/views/admin/galleries/_gallery.html.erb:15: warning: don't put space before argument parentheses
/Users/omar/Proyectos/calpe/app/views/admin/galleries/_gallery.html.erb:13: warning: don't put space before argument parentheses
/Users/omar/Proyectos/calpe/app/views/admin/galleries/_gallery.html.erb:14: warning: don't put space before argument parentheses
/Users/omar/Proyectos/calpe/app/views/admin/galleries/_gallery.html.erb:15: warning: don't put space before argument parentheses
** TERM signal received.
** Daemonized, any open files are closed.  Look at log/mongrel.pid and log/mongrel.log for info.
** Starting Mongrel listening at 0.0.0.0:3003
** Starting Rails with development environment...
** Rails loaded.
** Loading any Rails specific GemPlugins
** Signals ready.  TERM => stop.  USR2 => restart.  INT => stop (no restart).
** Rails signals registered.  HUP => reload (without restart).  It might not work well.
** Mongrel 1.1.5 available at 0.0.0.0:3003
** Writing PID file to log/mongrel.pid
/Users/omar/Proyectos/calpe/app/views/admin/galleries/_upload_list.html.erb:9: warning: don't put space before argument parentheses
/Users/omar/Proyectos/calpe/app/views/admin/galleries/_upload_list.html.erb:10: warning: don't put space before argument parentheses
/Users/omar/Proyectos/calpe/app/views/admin/galleries/_upload_list.html.erb:9: warning: don't put space before argument parentheses
/Users/omar/Proyectos/calpe/app/views/admin/galleries/_upload_list.html.erb:10: warning: don't put space before argument parentheses
/Users/omar/Proyectos/calpe/app/views/admin/galleries/_upload_list.html.erb:9: warning: don't put space before argument parentheses
/Users/omar/Proyectos/calpe/app/views/admin/galleries/_upload_list.html.erb:10: warning: don't put space before argument parentheses
/Users/omar/Proyectos/calpe/app/views/admin/pages/_page.html.erb:17: warning: don't put space before argument parentheses
/Users/omar/Proyectos/calpe/app/views/admin/pages/_page.html.erb:18: warning: don't put space before argument parentheses
/Users/omar/Proyectos/calpe/app/views/admin/pages/_page.html.erb:19: warning: don't put space before argument parentheses
/Users/omar/Proyectos/calpe/app/views/admin/galleries/_gallery.html.erb:13: warning: don't put space before argument parentheses
/Users/omar/Proyectos/calpe/app/views/admin/galleries/_gallery.html.erb:14: warning: don't put space before argument parentheses
/Users/omar/Proyectos/calpe/app/views/admin/galleries/_gallery.html.erb:15: warning: don't put space before argument parentheses
